build/app/intermediates/manifest_merge_blame_file/release/manifest-merger-blame-release-report.txt
1<?xml version="1.0" encoding="utf-8"?>
2<manifest xmlns:android="http://schemas.android.com/apk/res/android"
3    package="com.example.world_time"
4    android:versionCode="1"
5    android:versionName="1.0.0" >
6
7    <uses-sdk
8        android:minSdkVersion="16"
8-->src\main\AndroidManifest.xml
9        android:targetSdkVersion="31" />
9-->src\main\AndroidManifest.xml
10
11    <queries>
11-->src\main\AndroidManifest.xml:3:5-19:15
12
13        <!-- If your app opens https URLs -->
14        <intent>
14-->src\main\AndroidManifest.xml:5:9-8:18
15            <action android:name="android.intent.action.VIEW" />
15-->src\main\AndroidManifest.xml:6:13-65
15-->src\main\AndroidManifest.xml:6:21-62
16
17            <data android:scheme="https" />
17-->src\main\AndroidManifest.xml:7:13-44
17-->src\main\AndroidManifest.xml:7:19-41
18        </intent>
19        <!-- If your app checks for SMS support -->
20        <intent>
20-->src\main\AndroidManifest.xml:10:9-13:18
21            <action android:name="android.intent.action.VIEW" />
21-->src\main\AndroidManifest.xml:6:13-65
21-->src\main\AndroidManifest.xml:6:21-62
22
23            <data android:scheme="sms" />
23-->src\main\AndroidManifest.xml:7:13-44
23-->src\main\AndroidManifest.xml:7:19-41
24        </intent>
25        <!-- If your app checks for call support -->
26        <intent>
26-->src\main\AndroidManifest.xml:15:9-18:18
27            <action android:name="android.intent.action.VIEW" />
27-->src\main\AndroidManifest.xml:6:13-65
27-->src\main\AndroidManifest.xml:6:21-62
28
29            <data android:scheme="tel" />
29-->src\main\AndroidManifest.xml:7:13-44
29-->src\main\AndroidManifest.xml:7:19-41
30        </intent>
31    </queries>
32
33    <uses-permission android:name="android.permission.QUERY_ALL_PACKAGES" />
33-->src\main\AndroidManifest.xml:20:5-77
33-->src\main\AndroidManifest.xml:20:22-74
34    <uses-permission android:name="android.permission.INTERNET" />
34-->src\main\AndroidManifest.xml:21:5-66
34-->src\main\AndroidManifest.xml:21:22-64
35
36    <application
37        android:name="android.app.Application"
37-->src\main\AndroidManifest.xml:24:9-42
38        android:appComponentFactory="androidx.core.app.CoreComponentFactory"
38-->[androidx.core:core:1.6.0] AndroidManifest.xml:24:18-86
39        android:icon="@mipmap/ic_launcher"
39-->src\main\AndroidManifest.xml:25:9-43
40        android:label="World time" >
40-->src\main\AndroidManifest.xml:23:9-35
41        <activity
41-->src\main\AndroidManifest.xml:26:9-46:20
42            android:name="com.example.world_time.MainActivity"
42-->src\main\AndroidManifest.xml:27:13-41
43            android:configChanges="orientation|keyboardHidden|keyboard|screenSize|smallestScreenSize|locale|layoutDirection|fontScale|screenLayout|density|uiMode"
43-->src\main\AndroidManifest.xml:31:13-163
44            android:exported="true"
44-->src\main\AndroidManifest.xml:28:13-36
45            android:hardwareAccelerated="true"
45-->src\main\AndroidManifest.xml:32:13-47
46            android:launchMode="singleTop"
46-->src\main\AndroidManifest.xml:29:13-43
47            android:theme="@style/LaunchTheme"
47-->src\main\AndroidManifest.xml:30:13-47
48            android:windowSoftInputMode="adjustResize" >
48-->src\main\AndroidManifest.xml:33:13-55
49
50            <!--
51                 Specifies an Android theme to apply to this Activity as soon as
52                 the Android process has started. This theme is visible to the user
53                 while the Flutter UI initializes. After that, this theme continues
54                 to determine the Window background behind the Flutter UI.
55            -->
56            <meta-data
56-->src\main\AndroidManifest.xml:38:13-41:17
57                android:name="io.flutter.embedding.android.NormalTheme"
57-->src\main\AndroidManifest.xml:39:15-70
58                android:resource="@style/NormalTheme" />
58-->src\main\AndroidManifest.xml:40:15-52
59
60            <intent-filter>
60-->src\main\AndroidManifest.xml:42:13-45:29
61                <action android:name="android.intent.action.MAIN" />
61-->src\main\AndroidManifest.xml:43:17-68
61-->src\main\AndroidManifest.xml:43:25-66
62
63                <category android:name="android.intent.category.LAUNCHER" />
63-->src\main\AndroidManifest.xml:44:17-76
63-->src\main\AndroidManifest.xml:44:27-74
64            </intent-filter>
65        </activity>
66        <!--
67             Don't delete the meta-data below.
68             This is used by the Flutter tool to generate GeneratedPluginRegistrant.java
69        -->
70        <meta-data
70-->src\main\AndroidManifest.xml:49:9-51:33
71            android:name="flutterEmbedding"
71-->src\main\AndroidManifest.xml:50:13-44
72            android:value="2" />
72-->src\main\AndroidManifest.xml:51:13-30
73
74        <activity
74-->[:url_launcher_android] AndroidManifest.xml:10:9-13:74
75            android:name="io.flutter.plugins.urllauncher.WebViewActivity"
75-->[:url_launcher_android] AndroidManifest.xml:11:13-74
76            android:exported="false"
76-->[:url_launcher_android] AndroidManifest.xml:12:13-37
77            android:theme="@android:style/Theme.NoTitleBar.Fullscreen" />
77-->[:url_launcher_android] AndroidManifest.xml:13:13-71
78
79        <uses-library
79-->[androidx.window:window:1.0.0-beta04] AndroidManifest.xml:25:9-27:40
80            android:name="androidx.window.extensions"
80-->[androidx.window:window:1.0.0-beta04] AndroidManifest.xml:26:13-54
81            android:required="false" />
81-->[androidx.window:window:1.0.0-beta04] AndroidManifest.xml:27:13-37
82        <uses-library
82-->[androidx.window:window:1.0.0-beta04] AndroidManifest.xml:28:9-30:40
83            android:name="androidx.window.sidecar"
83-->[androidx.window:window:1.0.0-beta04] AndroidManifest.xml:29:13-51
84            android:required="false" />
84-->[androidx.window:window:1.0.0-beta04] AndroidManifest.xml:30:13-37
85    </application>
86
87</manifest>